  ChessBoard.cpp
C:\Users\c3002856\source\repos\Chess\Chess\ChessBoard.cpp(20,23): warning C4018: '<': signed/unsigned mismatch
C:\Users\c3002856\source\repos\Chess\Chess\ChessBoard.cpp(46,31): warning C4018: '<': signed/unsigned mismatch
C:\Users\c3002856\source\repos\Chess\Chess\ChessBoard.cpp(78,23): warning C4018: '<': signed/unsigned mismatch
C:\Users\c3002856\source\repos\Chess\Chess\ChessBoard.cpp(103,31): warning C4018: '<': signed/unsigned mismatch
C:\Users\c3002856\source\repos\Chess\Chess\ChessBoard.cpp(172,19): warning C4018: '<': signed/unsigned mismatch
C:\Users\c3002856\source\repos\Chess\Chess\ChessBoard.cpp(189,23): warning C4018: '<': signed/unsigned mismatch
  ChessBoardMoves.cpp
  ChessWindow.cpp
C:\Users\c3002856\source\repos\Chess\Chess\ChessWindow.cpp(7,92): warning C4244: 'argument': conversion from 'int' to 'T', possible loss of data
C:\Users\c3002856\source\repos\Chess\Chess\ChessWindow.cpp(7,92): warning C4244:         with
C:\Users\c3002856\source\repos\Chess\Chess\ChessWindow.cpp(7,92): warning C4244:         [
C:\Users\c3002856\source\repos\Chess\Chess\ChessWindow.cpp(7,92): warning C4244:             T=float
C:\Users\c3002856\source\repos\Chess\Chess\ChessWindow.cpp(7,92): warning C4244:         ]
C:\Users\c3002856\source\repos\Chess\Chess\ChessWindow.cpp(7,55): warning C4244: 'argument': conversion from 'int' to 'T', possible loss of data
C:\Users\c3002856\source\repos\Chess\Chess\ChessWindow.cpp(7,55): warning C4244:         with
C:\Users\c3002856\source\repos\Chess\Chess\ChessWindow.cpp(7,55): warning C4244:         [
C:\Users\c3002856\source\repos\Chess\Chess\ChessWindow.cpp(7,55): warning C4244:             T=float
C:\Users\c3002856\source\repos\Chess\Chess\ChessWindow.cpp(7,55): warning C4244:         ]
C:\Users\c3002856\source\repos\Chess\Chess\ChessWindow.cpp(8,71): warning C4244: 'argument': conversion from 'int' to 'T', possible loss of data
C:\Users\c3002856\source\repos\Chess\Chess\ChessWindow.cpp(8,71): warning C4244:         with
C:\Users\c3002856\source\repos\Chess\Chess\ChessWindow.cpp(8,71): warning C4244:         [
C:\Users\c3002856\source\repos\Chess\Chess\ChessWindow.cpp(8,71): warning C4244:             T=float
C:\Users\c3002856\source\repos\Chess\Chess\ChessWindow.cpp(8,71): warning C4244:         ]
C:\Users\c3002856\source\repos\Chess\Chess\ChessWindow.cpp(8,52): warning C4244: 'argument': conversion from 'int' to 'T', possible loss of data
C:\Users\c3002856\source\repos\Chess\Chess\ChessWindow.cpp(8,52): warning C4244:         with
C:\Users\c3002856\source\repos\Chess\Chess\ChessWindow.cpp(8,52): warning C4244:         [
C:\Users\c3002856\source\repos\Chess\Chess\ChessWindow.cpp(8,52): warning C4244:             T=float
C:\Users\c3002856\source\repos\Chess\Chess\ChessWindow.cpp(8,52): warning C4244:         ]
C:\Users\c3002856\source\repos\Chess\Chess\ChessWindow.cpp(39,124): warning C4244: 'argument': conversion from 'int' to 'T', possible loss of data
C:\Users\c3002856\source\repos\Chess\Chess\ChessWindow.cpp(39,124): warning C4244:         with
C:\Users\c3002856\source\repos\Chess\Chess\ChessWindow.cpp(39,124): warning C4244:         [
C:\Users\c3002856\source\repos\Chess\Chess\ChessWindow.cpp(39,124): warning C4244:             T=float
C:\Users\c3002856\source\repos\Chess\Chess\ChessWindow.cpp(39,124): warning C4244:         ]
C:\Users\c3002856\source\repos\Chess\Chess\ChessWindow.cpp(39,68): warning C4244: 'argument': conversion from 'int' to 'T', possible loss of data
C:\Users\c3002856\source\repos\Chess\Chess\ChessWindow.cpp(39,68): warning C4244:         with
C:\Users\c3002856\source\repos\Chess\Chess\ChessWindow.cpp(39,68): warning C4244:         [
C:\Users\c3002856\source\repos\Chess\Chess\ChessWindow.cpp(39,68): warning C4244:             T=float
C:\Users\c3002856\source\repos\Chess\Chess\ChessWindow.cpp(39,68): warning C4244:         ]
C:\Users\c3002856\source\repos\Chess\Chess\ChessWindow.cpp(63,134): warning C4244: 'argument': conversion from 'int' to 'T', possible loss of data
C:\Users\c3002856\source\repos\Chess\Chess\ChessWindow.cpp(63,134): warning C4244:         with
C:\Users\c3002856\source\repos\Chess\Chess\ChessWindow.cpp(63,134): warning C4244:         [
C:\Users\c3002856\source\repos\Chess\Chess\ChessWindow.cpp(63,134): warning C4244:             T=float
C:\Users\c3002856\source\repos\Chess\Chess\ChessWindow.cpp(63,134): warning C4244:         ]
C:\Users\c3002856\source\repos\Chess\Chess\ChessWindow.cpp(63,77): warning C4244: 'argument': conversion from 'int' to 'T', possible loss of data
C:\Users\c3002856\source\repos\Chess\Chess\ChessWindow.cpp(63,77): warning C4244:         with
C:\Users\c3002856\source\repos\Chess\Chess\ChessWindow.cpp(63,77): warning C4244:         [
C:\Users\c3002856\source\repos\Chess\Chess\ChessWindow.cpp(63,77): warning C4244:             T=float
C:\Users\c3002856\source\repos\Chess\Chess\ChessWindow.cpp(63,77): warning C4244:         ]
C:\Users\c3002856\source\repos\Chess\Chess\ChessWindow.cpp(71,129): warning C4244: 'argument': conversion from 'int' to 'T', possible loss of data
C:\Users\c3002856\source\repos\Chess\Chess\ChessWindow.cpp(71,129): warning C4244:         with
C:\Users\c3002856\source\repos\Chess\Chess\ChessWindow.cpp(71,129): warning C4244:         [
C:\Users\c3002856\source\repos\Chess\Chess\ChessWindow.cpp(71,129): warning C4244:             T=float
C:\Users\c3002856\source\repos\Chess\Chess\ChessWindow.cpp(71,129): warning C4244:         ]
C:\Users\c3002856\source\repos\Chess\Chess\ChessWindow.cpp(71,73): warning C4244: 'argument': conversion from 'int' to 'T', possible loss of data
C:\Users\c3002856\source\repos\Chess\Chess\ChessWindow.cpp(71,73): warning C4244:         with
C:\Users\c3002856\source\repos\Chess\Chess\ChessWindow.cpp(71,73): warning C4244:         [
C:\Users\c3002856\source\repos\Chess\Chess\ChessWindow.cpp(71,73): warning C4244:             T=float
C:\Users\c3002856\source\repos\Chess\Chess\ChessWindow.cpp(71,73): warning C4244:         ]
C:\Users\c3002856\source\repos\Chess\Chess\ChessWindow.cpp(131,60): warning C4244: 'argument': conversion from 'int' to 'T', possible loss of data
C:\Users\c3002856\source\repos\Chess\Chess\ChessWindow.cpp(131,60): warning C4244:         with
C:\Users\c3002856\source\repos\Chess\Chess\ChessWindow.cpp(131,60): warning C4244:         [
C:\Users\c3002856\source\repos\Chess\Chess\ChessWindow.cpp(131,60): warning C4244:             T=float
C:\Users\c3002856\source\repos\Chess\Chess\ChessWindow.cpp(131,60): warning C4244:         ]
C:\Users\c3002856\source\repos\Chess\Chess\ChessWindow.cpp(131,57): warning C4244: 'argument': conversion from 'int' to 'T', possible loss of data
C:\Users\c3002856\source\repos\Chess\Chess\ChessWindow.cpp(131,57): warning C4244:         with
C:\Users\c3002856\source\repos\Chess\Chess\ChessWindow.cpp(131,57): warning C4244:         [
C:\Users\c3002856\source\repos\Chess\Chess\ChessWindow.cpp(131,57): warning C4244:             T=float
C:\Users\c3002856\source\repos\Chess\Chess\ChessWindow.cpp(131,57): warning C4244:         ]
C:\Users\c3002856\source\repos\Chess\Chess\ChessWindow.cpp(301,34): warning C4244: 'argument': conversion from 'double' to 'unsigned int', possible loss of data
C:\Users\c3002856\source\repos\Chess\Chess\ChessWindow.cpp(302,36): warning C4244: 'argument': conversion from 'double' to 'unsigned int', possible loss of data
C:\Users\c3002856\source\repos\Chess\Chess\ChessWindow.cpp(304,39): warning C4244: 'argument': conversion from 'double' to 'float', possible loss of data
C:\Users\c3002856\source\repos\Chess\Chess\ChessWindow.cpp(304,30): warning C4244: 'argument': conversion from 'double' to 'float', possible loss of data
C:\Users\c3002856\source\repos\Chess\Chess\ChessWindow.cpp(305,39): warning C4244: 'argument': conversion from 'double' to 'float', possible loss of data
C:\Users\c3002856\source\repos\Chess\Chess\ChessWindow.cpp(305,30): warning C4244: 'argument': conversion from 'double' to 'float', possible loss of data
  ChessWindow.h
  Main.cpp
C:\Users\c3002856\source\repos\Chess\Chess\Main.cpp(22,15): warning C4244: 'argument': conversion from 'time_t' to 'unsigned int', possible loss of data
  Generating Code...
C:\Users\c3002856\source\repos\Chess\Chess\ChessBoard.cpp(140,1): warning C4715: 'ChessBoard::score': not all control paths return a value
Debug\ChessWindow.obj : warning LNK4042: object specified more than once; extras ignored
ChessWindow.obj : error LNK2019: unresolved external symbol "__declspec(dllimport) public: __thiscall sf::String::String(char const *,class std::locale const &)" (__imp_??0String@sf@@QAE@PBDABVlocale@std@@@Z) referenced in function "public: __thiscall ChessWindow::ChessWindow(int,int,char const *,char const * * const)" (??0ChessWindow@@QAE@HHPBDQAPBD@Z)
ChessWindow.obj : error LNK2019: unresolved external symbol "__declspec(dllimport) public: __thiscall sf::String::String(class std::basic_string<char,struct std::char_traits<char>,class std::allocator<char> > const &,class std::locale const &)" (__imp_??0String@sf@@QAE@ABV?$basic_string@DU?$char_traits@D@std@@V?$allocator@D@2@@std@@ABVlocale@3@@Z) referenced in function "public: bool __thiscall ChessWindow::Update(void)" (?Update@ChessWindow@@QAE_NXZ)
ChessWindow.obj : error LNK2019: unresolved external symbol "__declspec(dllimport) public: __thiscall sf::String::~String(void)" (__imp_??1String@sf@@QAE@XZ) referenced in function "public: __thiscall ChessWindow::ChessWindow(int,int,char const *,char const * * const)" (??0ChessWindow@@QAE@HHPBDQAPBD@Z)
ChessWindow.obj : error LNK2019: unresolved external symbol "__declspec(dllimport) public: __thiscall sf::VideoMode::VideoMode(unsigned int,unsigned int,unsigned int)" (__imp_??0VideoMode@sf@@QAE@III@Z) referenced in function "public: __thiscall ChessWindow::ChessWindow(int,int,char const *,char const * * const)" (??0ChessWindow@@QAE@HHPBDQAPBD@Z)
ChessWindow.obj : error LNK2019: unresolved external symbol "__declspec(dllimport) public: bool __thiscall sf::WindowBase::pollEvent(class sf::Event &)" (__imp_?pollEvent@WindowBase@sf@@QAE_NAAVEvent@2@@Z) referenced in function "public: bool __thiscall ChessWindow::Update(void)" (?Update@ChessWindow@@QAE_NXZ)
ChessWindow.obj : error LNK2019: unresolved external symbol "__declspec(dllimport) public: void __thiscall sf::Window::display(void)" (__imp_?display@Window@sf@@QAEXXZ) referenced in function "public: bool __thiscall ChessWindow::Update(void)" (?Update@ChessWindow@@QAE_NXZ)
ChessWindow.obj : error LNK2019: unresolved external symbol "__declspec(dllimport) public: void __thiscall sf::Transformable::setPosition(float,float)" (__imp_?setPosition@Transformable@sf@@QAEXMM@Z) referenced in function "public: bool __thiscall ChessWindow::Update(void)" (?Update@ChessWindow@@QAE_NXZ)
ChessWindow.obj : error LNK2019: unresolved external symbol "__declspec(dllimport) public: void __thiscall sf::Transformable::setPosition(class sf::Vector2<float> const &)" (__imp_?setPosition@Transformable@sf@@QAEXABV?$Vector2@M@2@@Z) referenced in function "private: void __thiscall ChessWindow::FitToHolder(void)" (?FitToHolder@ChessWindow@@AAEXXZ)
ChessWindow.obj : error LNK2019: unresolved external symbol "__declspec(dllimport) public: void __thiscall sf::Transformable::setScale(float,float)" (__imp_?setScale@Transformable@sf@@QAEXMM@Z) referenced in function "private: void __thiscall ChessWindow::MapPieces(struct move)" (?MapPieces@ChessWindow@@AAEXUmove@@@Z)
ChessWindow.obj : error LNK2019: unresolved external symbol "__declspec(dllimport) public: __thiscall sf::Color::Color(void)" (__imp_??0Color@sf@@QAE@XZ) referenced in function "public: __thiscall ChessWindow::ChessWindow(int,int,char const *,char const * * const)" (??0ChessWindow@@QAE@HHPBDQAPBD@Z)
ChessWindow.obj : error LNK2019: unresolved external symbol "__declspec(dllimport) public: __thiscall sf::Color::Color(unsigned char,unsigned char,unsigned char,unsigned char)" (__imp_??0Color@sf@@QAE@EEEE@Z) referenced in function "public: bool __thiscall ChessWindow::Update(void)" (?Update@ChessWindow@@QAE_NXZ)
ChessWindow.obj : error LNK2019: unresolved external symbol "__declspec(dllimport) public: void __thiscall sf::Shape::setFillColor(class sf::Color const &)" (__imp_?setFillColor@Shape@sf@@QAEXABVColor@2@@Z) referenced in function "private: void __thiscall ChessWindow::FitToHolder(void)" (?FitToHolder@ChessWindow@@AAEXXZ)
ChessWindow.obj : error LNK2019: unresolved external symbol "__declspec(dllimport) public: __thiscall sf::Texture::Texture(void)" (__imp_??0Texture@sf@@QAE@XZ) referenced in function "public: __thiscall ChessWindow::ChessWindow(int,int,char const *,char const * * const)" (??0ChessWindow@@QAE@HHPBDQAPBD@Z)
ChessWindow.obj : error LNK2019: unresolved external symbol "__declspec(dllimport) public: __thiscall sf::Texture::~Texture(void)" (__imp_??1Texture@sf@@QAE@XZ) referenced in function "public: __thiscall ChessWindow::ChessWindow(int,int,char const *,char const * * const)" (??0ChessWindow@@QAE@HHPBDQAPBD@Z)
Main.obj : error LNK2001: unresolved external symbol "__declspec(dllimport) public: __thiscall sf::Texture::~Texture(void)" (__imp_??1Texture@sf@@QAE@XZ)
ChessWindow.obj : error LNK2019: unresolved external symbol "__declspec(dllimport) public: bool __thiscall sf::Texture::loadFromFile(class std::basic_string<char,struct std::char_traits<char>,class std::allocator<char> > const &,class sf::Rect<int> const &)" (__imp_?loadFromFile@Texture@sf@@QAE_NABV?$basic_string@DU?$char_traits@D@std@@V?$allocator@D@2@@std@@ABV?$Rect@H@2@@Z) referenced in function "public: __thiscall ChessWindow::ChessWindow(int,int,char const *,char const * * const)" (??0ChessWindow@@QAE@HHPBDQAPBD@Z)
ChessWindow.obj : error LNK2019: unresolved external symbol "__declspec(dllimport) public: __thiscall sf::Font::Font(void)" (__imp_??0Font@sf@@QAE@XZ) referenced in function "public: __thiscall ChessWindow::ChessWindow(int,int,char const *,char const * * const)" (??0ChessWindow@@QAE@HHPBDQAPBD@Z)
ChessWindow.obj : error LNK2019: unresolved external symbol "__declspec(dllimport) public: __thiscall sf::Font::~Font(void)" (__imp_??1Font@sf@@QAE@XZ) referenced in function __unwindfunclet$??0ChessWindow@@QAE@HHPBDQAPBD@Z$3
Main.obj : error LNK2001: unresolved external symbol "__declspec(dllimport) public: __thiscall sf::Font::~Font(void)" (__imp_??1Font@sf@@QAE@XZ)
ChessWindow.obj : error LNK2019: unresolved external symbol "__declspec(dllimport) public: bool __thiscall sf::Font::loadFromFile(class std::basic_string<char,struct std::char_traits<char>,class std::allocator<char> > const &)" (__imp_?loadFromFile@Font@sf@@QAE_NABV?$basic_string@DU?$char_traits@D@std@@V?$allocator@D@2@@std@@@Z) referenced in function "public: __thiscall ChessWindow::ChessWindow(int,int,char const *,char const * * const)" (??0ChessWindow@@QAE@HHPBDQAPBD@Z)
ChessWindow.obj : error LNK2019: unresolved external symbol "__declspec(dllimport) public: void __thiscall sf::RectangleShape::setSize(class sf::Vector2<float> const &)" (__imp_?setSize@RectangleShape@sf@@QAEXABV?$Vector2@M@2@@Z) referenced in function "private: void __thiscall ChessWindow::FitToHolder(void)" (?FitToHolder@ChessWindow@@AAEXXZ)
ChessWindow.obj : error LNK2019: unresolved external symbol "__declspec(dllimport) public: virtual __thiscall sf::RectangleShape::~RectangleShape(void)" (__imp_??1RectangleShape@sf@@UAE@XZ) referenced in function "public: __thiscall ChessWindow::ChessWindow(int,int,char const *,char const * * const)" (??0ChessWindow@@QAE@HHPBDQAPBD@Z)
Main.obj : error LNK2001: unresolved external symbol "__declspec(dllimport) public: virtual __thiscall sf::RectangleShape::~RectangleShape(void)" (__imp_??1RectangleShape@sf@@UAE@XZ)
ChessWindow.obj : error LNK2019: unresolved external symbol "__declspec(dllimport) public: void __thiscall sf::RectangleShape::`default constructor closure'(void)" (__imp_??_FRectangleShape@sf@@QAEXXZ) referenced in function "public: __thiscall ChessWindow::ChessWindow(int,int,char const *,char const * * const)" (??0ChessWindow@@QAE@HHPBDQAPBD@Z)
ChessWindow.obj : error LNK2019: unresolved external symbol "__declspec(dllimport) public: __thiscall sf::View::View(class sf::Rect<float> const &)" (__imp_??0View@sf@@QAE@ABV?$Rect@M@1@@Z) referenced in function "public: bool __thiscall ChessWindow::Update(void)" (?Update@ChessWindow@@QAE_NXZ)
ChessWindow.obj : error LNK2019: unresolved external symbol "__declspec(dllimport) public: void __thiscall sf::RenderTarget::clear(class sf::Color const &)" (__imp_?clear@RenderTarget@sf@@QAEXABVColor@2@@Z) referenced in function "public: bool __thiscall ChessWindow::Update(void)" (?Update@ChessWindow@@QAE_NXZ)
ChessWindow.obj : error LNK2019: unresolved external symbol "__declspec(dllimport) public: void __thiscall sf::RenderTarget::setView(class sf::View const &)" (__imp_?setView@RenderTarget@sf@@QAEXABVView@2@@Z) referenced in function "public: bool __thiscall ChessWindow::Update(void)" (?Update@ChessWindow@@QAE_NXZ)
ChessWindow.obj : error LNK2019: unresolved external symbol "__declspec(dllimport) public: void __thiscall sf::RenderTarget::draw(class sf::Drawable const &,class sf::RenderStates const &)" (__imp_?draw@RenderTarget@sf@@QAEXABVDrawable@2@ABVRenderStates@2@@Z) referenced in function "private: void __thiscall ChessWindow::DrawPieces(void)" (?DrawPieces@ChessWindow@@AAEXXZ)
ChessWindow.obj : error LNK2019: unresolved external symbol "__declspec(dllimport) public: __thiscall sf::RenderWindow::RenderWindow(void)" (__imp_??0RenderWindow@sf@@QAE@XZ) referenced in function "public: __thiscall ChessWindow::ChessWindow(int,int,char const *,char const * * const)" (??0ChessWindow@@QAE@HHPBDQAPBD@Z)
ChessWindow.obj : error LNK2019: unresolved external symbol "__declspec(dllimport) public: virtual __thiscall sf::RenderWindow::~RenderWindow(void)" (__imp_??1RenderWindow@sf@@UAE@XZ) referenced in function __unwindfunclet$??0ChessWindow@@QAE@HHPBDQAPBD@Z$0
Main.obj : error LNK2001: unresolved external symbol "__declspec(dllimport) public: virtual __thiscall sf::RenderWindow::~RenderWindow(void)" (__imp_??1RenderWindow@sf@@UAE@XZ)
ChessWindow.obj : error LNK2019: unresolved external symbol "__declspec(dllimport) public: __thiscall sf::Sprite::Sprite(void)" (__imp_??0Sprite@sf@@QAE@XZ) referenced in function "public: __thiscall ChessPiece::ChessPiece(void)" (??0ChessPiece@@QAE@XZ)
ChessWindow.obj : error LNK2019: unresolved external symbol "__declspec(dllimport) public: void __thiscall sf::Sprite::setTexture(class sf::Texture const &,bool)" (__imp_?setTexture@Sprite@sf@@QAEXABVTexture@2@_N@Z) referenced in function "public: __thiscall ChessWindow::ChessWindow(int,int,char const *,char const * * const)" (??0ChessWindow@@QAE@HHPBDQAPBD@Z)
ChessWindow.obj : error LNK2019: unresolved external symbol "__declspec(dllimport) public: virtual __thiscall sf::Sprite::~Sprite(void)" (__imp_??1Sprite@sf@@UAE@XZ) referenced in function "public: __thiscall ChessPiece::~ChessPiece(void)" (??1ChessPiece@@QAE@XZ)
Main.obj : error LNK2001: unresolved external symbol "__declspec(dllimport) public: virtual __thiscall sf::Sprite::~Sprite(void)" (__imp_??1Sprite@sf@@UAE@XZ)
ChessWindow.obj : error LNK2019: unresolved external symbol "__declspec(dllimport) public: __thiscall sf::Text::Text(void)" (__imp_??0Text@sf@@QAE@XZ) referenced in function "public: __thiscall ChessBoard::ChessBoard(void)" (??0ChessBoard@@QAE@XZ)
ChessWindow.obj : error LNK2019: unresolved external symbol "__declspec(dllimport) public: void __thiscall sf::Text::setString(class sf::String const &)" (__imp_?setString@Text@sf@@QAEXABVString@2@@Z) referenced in function "public: bool __thiscall ChessWindow::Update(void)" (?Update@ChessWindow@@QAE_NXZ)
ChessWindow.obj : error LNK2019: unresolved external symbol "__declspec(dllimport) public: void __thiscall sf::Text::setFont(class sf::Font const &)" (__imp_?setFont@Text@sf@@QAEXABVFont@2@@Z) referenced in function "public: bool __thiscall ChessWindow::Update(void)" (?Update@ChessWindow@@QAE_NXZ)
ChessWindow.obj : error LNK2019: unresolved external symbol "__declspec(dllimport) public: void __thiscall sf::Text::setCharacterSize(unsigned int)" (__imp_?setCharacterSize@Text@sf@@QAEXI@Z) referenced in function "public: bool __thiscall ChessWindow::Update(void)" (?Update@ChessWindow@@QAE_NXZ)
ChessWindow.obj : error LNK2019: unresolved external symbol "__declspec(dllimport) public: void __thiscall sf::Text::setFillColor(class sf::Color const &)" (__imp_?setFillColor@Text@sf@@QAEXABVColor@2@@Z) referenced in function "public: bool __thiscall ChessWindow::Update(void)" (?Update@ChessWindow@@QAE_NXZ)
ChessWindow.obj : error LNK2019: unresolved external symbol "__declspec(dllimport) public: virtual __thiscall sf::Text::~Text(void)" (__imp_??1Text@sf@@UAE@XZ) referenced in function __unwindfunclet$??0ChessWindow@@QAE@HHPBDQAPBD@Z$4
Main.obj : error LNK2001: unresolved external symbol "__declspec(dllimport) public: virtual __thiscall sf::Text::~Text(void)" (__imp_??1Text@sf@@UAE@XZ)
ChessWindow.obj : error LNK2019: unresolved external symbol "__declspec(dllimport) public: static class sf::RenderStates const sf::RenderStates::Default" (__imp_?Default@RenderStates@sf@@2V12@B) referenced in function "private: void __thiscall ChessWindow::DrawPieces(void)" (?DrawPieces@ChessWindow@@AAEXXZ)
ChessWindow.obj : error LNK2019: unresolved external symbol "__declspec(dllimport) public: static class sf::Color const sf::Color::Red" (__imp_?Red@Color@sf@@2V12@B) referenced in function "public: bool __thiscall ChessWindow::Update(void)" (?Update@ChessWindow@@QAE_NXZ)
ChessWindow.obj : error LNK2019: unresolved external symbol "__declspec(dllimport) public: static class sf::Color const sf::Color::Blue" (__imp_?Blue@Color@sf@@2V12@B) referenced in function "public: bool __thiscall ChessWindow::Update(void)" (?Update@ChessWindow@@QAE_NXZ)
C:\Users\c3002856\source\repos\Chess\lib\sfml-system-d.lib : warning LNK4272: library machine type 'x64' conflicts with target machine type 'x86'
C:\Users\c3002856\source\repos\Chess\lib\sfml-window-d.lib : warning LNK4272: library machine type 'x64' conflicts with target machine type 'x86'
C:\Users\c3002856\source\repos\Chess\lib\sfml-graphics-d.lib : warning LNK4272: library machine type 'x64' conflicts with target machine type 'x86'
C:\Users\c3002856\source\repos\Chess\Debug\Chess.exe : fatal error LNK1120: 39 unresolved externals
