c:\users\c3002856\source\repos\chess\chess\x64\debug\vc143.pdb
c:\users\c3002856\source\repos\chess\chess\x64\debug\vc143.idb
c:\users\c3002856\source\repos\chess\chess\x64\debug\main.obj
c:\users\c3002856\source\repos\chess\chess\x64\debug\chesswindow.obj
c:\users\c3002856\source\repos\chess\chess\x64\debug\chessboardmoves.obj
c:\users\c3002856\source\repos\chess\chess\x64\debug\chessboard.obj
c:\users\c3002856\source\repos\chess\chess\x64\debug\chess.ilk
c:\users\c3002856\source\repos\chess\x64\debug\chess.pdb
c:\users\c3002856\source\repos\chess\chess\x64\debug\chess.tlog\cl.command.1.tlog
c:\users\c3002856\source\repos\chess\chess\x64\debug\chess.tlog\cl.items.tlog
c:\users\c3002856\source\repos\chess\chess\x64\debug\chess.tlog\cl.read.1.tlog
c:\users\c3002856\source\repos\chess\chess\x64\debug\chess.tlog\cl.write.1.tlog
c:\users\c3002856\source\repos\chess\chess\x64\debug\chess.tlog\link-cvtres.read.1.tlog
c:\users\c3002856\source\repos\chess\chess\x64\debug\chess.tlog\link-cvtres.write.1.tlog
c:\users\c3002856\source\repos\chess\chess\x64\debug\chess.tlog\link-rc.read.1.tlog
c:\users\c3002856\source\repos\chess\chess\x64\debug\chess.tlog\link-rc.write.1.tlog
c:\users\c3002856\source\repos\chess\chess\x64\debug\chess.tlog\link.15312-cvtres.read.1.tlog
c:\users\c3002856\source\repos\chess\chess\x64\debug\chess.tlog\link.15312-cvtres.write.1.tlog
c:\users\c3002856\source\repos\chess\chess\x64\debug\chess.tlog\link.15312-rc.read.1.tlog
c:\users\c3002856\source\repos\chess\chess\x64\debug\chess.tlog\link.15312-rc.write.1.tlog
c:\users\c3002856\source\repos\chess\chess\x64\debug\chess.tlog\link.15312.read.1.tlog
c:\users\c3002856\source\repos\chess\chess\x64\debug\chess.tlog\link.15312.read.2.tlog
c:\users\c3002856\source\repos\chess\chess\x64\debug\chess.tlog\link.15312.write.1.tlog
c:\users\c3002856\source\repos\chess\chess\x64\debug\chess.tlog\link.command.1.tlog
c:\users\c3002856\source\repos\chess\chess\x64\debug\chess.tlog\link.read.1.tlog
c:\users\c3002856\source\repos\chess\chess\x64\debug\chess.tlog\link.read.2.tlog
c:\users\c3002856\source\repos\chess\chess\x64\debug\chess.tlog\link.secondary.1.tlog
c:\users\c3002856\source\repos\chess\chess\x64\debug\chess.tlog\link.write.1.tlog
