c:\users\ishan\source\repos\chess\chess\x64\release\vc143.pdb
c:\users\ishan\source\repos\chess\chess\x64\release\main.obj
c:\users\ishan\source\repos\chess\chess\x64\release\chesswindow.obj
c:\users\ishan\source\repos\chess\chess\x64\release\chessboardmoves.obj
c:\users\ishan\source\repos\chess\chess\x64\release\chessboard.obj
c:\users\ishan\source\repos\chess\chess\x64\release\chesswindow.h.ifc
c:\users\ishan\source\repos\chess\chess\x64\release\chesswindow.h.ifc.d.json
c:\users\ishan\source\repos\chess\chess\x64\release\chesswindow.h.obj
c:\users\ishan\source\repos\chess\x64\release\chess.exe
c:\users\ishan\source\repos\chess\chess\x64\release\chess.ipdb
c:\users\ishan\source\repos\chess\x64\release\chess.pdb
c:\users\ishan\source\repos\chess\chess\x64\release\chess.iobj
c:\users\ishan\source\repos\chess\chess\x64\release\chesswindow.h.module.json
c:\users\ishan\source\repos\chess\chess\x64\release\chess.tlog\cl.command.1.tlog
c:\users\ishan\source\repos\chess\chess\x64\release\chess.tlog\cl.items.tlog
c:\users\ishan\source\repos\chess\chess\x64\release\chess.tlog\cl.read.1.tlog
c:\users\ishan\source\repos\chess\chess\x64\release\chess.tlog\cl.write.1.tlog
c:\users\ishan\source\repos\chess\chess\x64\release\chess.tlog\link.command.1.tlog
c:\users\ishan\source\repos\chess\chess\x64\release\chess.tlog\link.read.1.tlog
c:\users\ishan\source\repos\chess\chess\x64\release\chess.tlog\link.write.1.tlog
c:\users\ishan\source\repos\chess\chess\x64\release\chess_md.tlog\cl.command.1.tlog
c:\users\ishan\source\repos\chess\chess\x64\release\chess_md.tlog\microsoft.build.cpptasks.cl.read.1.tlog
c:\users\ishan\source\repos\chess\chess\x64\release\chess_md.tlog\microsoft.build.cpptasks.cl.write.1.tlog
