  Scanning sources for module dependencies...
  ChessWindow.cpp
C:\Users\c3002856\source\repos\Chess\Chess\ChessWindow.cpp(7,92): warning C4244: 'argument': conversion from 'int' to 'T', possible loss of data
C:\Users\c3002856\source\repos\Chess\Chess\ChessWindow.cpp(7,92): warning C4244:         with
C:\Users\c3002856\source\repos\Chess\Chess\ChessWindow.cpp(7,92): warning C4244:         [
C:\Users\c3002856\source\repos\Chess\Chess\ChessWindow.cpp(7,92): warning C4244:             T=float
C:\Users\c3002856\source\repos\Chess\Chess\ChessWindow.cpp(7,92): warning C4244:         ]
C:\Users\c3002856\source\repos\Chess\Chess\ChessWindow.cpp(7,55): warning C4244: 'argument': conversion from 'int' to 'T', possible loss of data
C:\Users\c3002856\source\repos\Chess\Chess\ChessWindow.cpp(7,55): warning C4244:         with
C:\Users\c3002856\source\repos\Chess\Chess\ChessWindow.cpp(7,55): warning C4244:         [
C:\Users\c3002856\source\repos\Chess\Chess\ChessWindow.cpp(7,55): warning C4244:             T=float
C:\Users\c3002856\source\repos\Chess\Chess\ChessWindow.cpp(7,55): warning C4244:         ]
C:\Users\c3002856\source\repos\Chess\Chess\ChessWindow.cpp(8,71): warning C4244: 'argument': conversion from 'int' to 'T', possible loss of data
C:\Users\c3002856\source\repos\Chess\Chess\ChessWindow.cpp(8,71): warning C4244:         with
C:\Users\c3002856\source\repos\Chess\Chess\ChessWindow.cpp(8,71): warning C4244:         [
C:\Users\c3002856\source\repos\Chess\Chess\ChessWindow.cpp(8,71): warning C4244:             T=float
C:\Users\c3002856\source\repos\Chess\Chess\ChessWindow.cpp(8,71): warning C4244:         ]
C:\Users\c3002856\source\repos\Chess\Chess\ChessWindow.cpp(8,52): warning C4244: 'argument': conversion from 'int' to 'T', possible loss of data
C:\Users\c3002856\source\repos\Chess\Chess\ChessWindow.cpp(8,52): warning C4244:         with
C:\Users\c3002856\source\repos\Chess\Chess\ChessWindow.cpp(8,52): warning C4244:         [
C:\Users\c3002856\source\repos\Chess\Chess\ChessWindow.cpp(8,52): warning C4244:             T=float
C:\Users\c3002856\source\repos\Chess\Chess\ChessWindow.cpp(8,52): warning C4244:         ]
C:\Users\c3002856\source\repos\Chess\Chess\ChessWindow.cpp(39,124): warning C4244: 'argument': conversion from 'int' to 'T', possible loss of data
C:\Users\c3002856\source\repos\Chess\Chess\ChessWindow.cpp(39,124): warning C4244:         with
C:\Users\c3002856\source\repos\Chess\Chess\ChessWindow.cpp(39,124): warning C4244:         [
C:\Users\c3002856\source\repos\Chess\Chess\ChessWindow.cpp(39,124): warning C4244:             T=float
C:\Users\c3002856\source\repos\Chess\Chess\ChessWindow.cpp(39,124): warning C4244:         ]
C:\Users\c3002856\source\repos\Chess\Chess\ChessWindow.cpp(39,68): warning C4244: 'argument': conversion from 'int' to 'T', possible loss of data
C:\Users\c3002856\source\repos\Chess\Chess\ChessWindow.cpp(39,68): warning C4244:         with
C:\Users\c3002856\source\repos\Chess\Chess\ChessWindow.cpp(39,68): warning C4244:         [
C:\Users\c3002856\source\repos\Chess\Chess\ChessWindow.cpp(39,68): warning C4244:             T=float
C:\Users\c3002856\source\repos\Chess\Chess\ChessWindow.cpp(39,68): warning C4244:         ]
C:\Users\c3002856\source\repos\Chess\Chess\ChessWindow.cpp(63,134): warning C4244: 'argument': conversion from 'int' to 'T', possible loss of data
C:\Users\c3002856\source\repos\Chess\Chess\ChessWindow.cpp(63,134): warning C4244:         with
C:\Users\c3002856\source\repos\Chess\Chess\ChessWindow.cpp(63,134): warning C4244:         [
C:\Users\c3002856\source\repos\Chess\Chess\ChessWindow.cpp(63,134): warning C4244:             T=float
C:\Users\c3002856\source\repos\Chess\Chess\ChessWindow.cpp(63,134): warning C4244:         ]
C:\Users\c3002856\source\repos\Chess\Chess\ChessWindow.cpp(63,77): warning C4244: 'argument': conversion from 'int' to 'T', possible loss of data
C:\Users\c3002856\source\repos\Chess\Chess\ChessWindow.cpp(63,77): warning C4244:         with
C:\Users\c3002856\source\repos\Chess\Chess\ChessWindow.cpp(63,77): warning C4244:         [
C:\Users\c3002856\source\repos\Chess\Chess\ChessWindow.cpp(63,77): warning C4244:             T=float
C:\Users\c3002856\source\repos\Chess\Chess\ChessWindow.cpp(63,77): warning C4244:         ]
C:\Users\c3002856\source\repos\Chess\Chess\ChessWindow.cpp(71,129): warning C4244: 'argument': conversion from 'int' to 'T', possible loss of data
C:\Users\c3002856\source\repos\Chess\Chess\ChessWindow.cpp(71,129): warning C4244:         with
C:\Users\c3002856\source\repos\Chess\Chess\ChessWindow.cpp(71,129): warning C4244:         [
C:\Users\c3002856\source\repos\Chess\Chess\ChessWindow.cpp(71,129): warning C4244:             T=float
C:\Users\c3002856\source\repos\Chess\Chess\ChessWindow.cpp(71,129): warning C4244:         ]
C:\Users\c3002856\source\repos\Chess\Chess\ChessWindow.cpp(71,73): warning C4244: 'argument': conversion from 'int' to 'T', possible loss of data
C:\Users\c3002856\source\repos\Chess\Chess\ChessWindow.cpp(71,73): warning C4244:         with
C:\Users\c3002856\source\repos\Chess\Chess\ChessWindow.cpp(71,73): warning C4244:         [
C:\Users\c3002856\source\repos\Chess\Chess\ChessWindow.cpp(71,73): warning C4244:             T=float
C:\Users\c3002856\source\repos\Chess\Chess\ChessWindow.cpp(71,73): warning C4244:         ]
C:\Users\c3002856\source\repos\Chess\Chess\ChessWindow.cpp(94,134): warning C4244: 'argument': conversion from 'int' to 'T', possible loss of data
C:\Users\c3002856\source\repos\Chess\Chess\ChessWindow.cpp(94,134): warning C4244:         with
C:\Users\c3002856\source\repos\Chess\Chess\ChessWindow.cpp(94,134): warning C4244:         [
C:\Users\c3002856\source\repos\Chess\Chess\ChessWindow.cpp(94,134): warning C4244:             T=float
C:\Users\c3002856\source\repos\Chess\Chess\ChessWindow.cpp(94,134): warning C4244:         ]
C:\Users\c3002856\source\repos\Chess\Chess\ChessWindow.cpp(94,77): warning C4244: 'argument': conversion from 'int' to 'T', possible loss of data
C:\Users\c3002856\source\repos\Chess\Chess\ChessWindow.cpp(94,77): warning C4244:         with
C:\Users\c3002856\source\repos\Chess\Chess\ChessWindow.cpp(94,77): warning C4244:         [
C:\Users\c3002856\source\repos\Chess\Chess\ChessWindow.cpp(94,77): warning C4244:             T=float
C:\Users\c3002856\source\repos\Chess\Chess\ChessWindow.cpp(94,77): warning C4244:         ]
C:\Users\c3002856\source\repos\Chess\Chess\ChessWindow.cpp(106,130): warning C4244: 'argument': conversion from 'int' to 'T', possible loss of data
C:\Users\c3002856\source\repos\Chess\Chess\ChessWindow.cpp(106,130): warning C4244:         with
C:\Users\c3002856\source\repos\Chess\Chess\ChessWindow.cpp(106,130): warning C4244:         [
C:\Users\c3002856\source\repos\Chess\Chess\ChessWindow.cpp(106,130): warning C4244:             T=float
C:\Users\c3002856\source\repos\Chess\Chess\ChessWindow.cpp(106,130): warning C4244:         ]
C:\Users\c3002856\source\repos\Chess\Chess\ChessWindow.cpp(106,73): warning C4244: 'argument': conversion from 'int' to 'T', possible loss of data
C:\Users\c3002856\source\repos\Chess\Chess\ChessWindow.cpp(106,73): warning C4244:         with
C:\Users\c3002856\source\repos\Chess\Chess\ChessWindow.cpp(106,73): warning C4244:         [
C:\Users\c3002856\source\repos\Chess\Chess\ChessWindow.cpp(106,73): warning C4244:             T=float
C:\Users\c3002856\source\repos\Chess\Chess\ChessWindow.cpp(106,73): warning C4244:         ]
C:\Users\c3002856\source\repos\Chess\Chess\ChessWindow.cpp(168,60): warning C4244: 'argument': conversion from 'int' to 'T', possible loss of data
C:\Users\c3002856\source\repos\Chess\Chess\ChessWindow.cpp(168,60): warning C4244:         with
C:\Users\c3002856\source\repos\Chess\Chess\ChessWindow.cpp(168,60): warning C4244:         [
C:\Users\c3002856\source\repos\Chess\Chess\ChessWindow.cpp(168,60): warning C4244:             T=float
C:\Users\c3002856\source\repos\Chess\Chess\ChessWindow.cpp(168,60): warning C4244:         ]
C:\Users\c3002856\source\repos\Chess\Chess\ChessWindow.cpp(168,57): warning C4244: 'argument': conversion from 'int' to 'T', possible loss of data
C:\Users\c3002856\source\repos\Chess\Chess\ChessWindow.cpp(168,57): warning C4244:         with
C:\Users\c3002856\source\repos\Chess\Chess\ChessWindow.cpp(168,57): warning C4244:         [
C:\Users\c3002856\source\repos\Chess\Chess\ChessWindow.cpp(168,57): warning C4244:             T=float
C:\Users\c3002856\source\repos\Chess\Chess\ChessWindow.cpp(168,57): warning C4244:         ]
C:\Users\c3002856\source\repos\Chess\Chess\ChessWindow.cpp(293,30): warning C4267: 'initializing': conversion from 'size_t' to 'int', possible loss of data
C:\Users\c3002856\source\repos\Chess\Chess\ChessWindow.cpp(390,35): warning C4244: 'argument': conversion from 'double' to 'unsigned int', possible loss of data
C:\Users\c3002856\source\repos\Chess\Chess\ChessWindow.cpp(391,37): warning C4244: 'argument': conversion from 'double' to 'unsigned int', possible loss of data
C:\Users\c3002856\source\repos\Chess\Chess\ChessWindow.cpp(393,42): warning C4244: 'argument': conversion from 'double' to 'float', possible loss of data
C:\Users\c3002856\source\repos\Chess\Chess\ChessWindow.cpp(393,31): warning C4244: 'argument': conversion from 'double' to 'float', possible loss of data
C:\Users\c3002856\source\repos\Chess\Chess\ChessWindow.cpp(394,42): warning C4244: 'argument': conversion from 'double' to 'float', possible loss of data
C:\Users\c3002856\source\repos\Chess\Chess\ChessWindow.cpp(394,31): warning C4244: 'argument': conversion from 'double' to 'float', possible loss of data
C:\Users\c3002856\source\repos\Chess\Chess\ChessWindow.cpp(406,34): warning C4244: 'argument': conversion from 'double' to 'unsigned int', possible loss of data
C:\Users\c3002856\source\repos\Chess\Chess\ChessWindow.cpp(407,36): warning C4244: 'argument': conversion from 'double' to 'unsigned int', possible loss of data
C:\Users\c3002856\source\repos\Chess\Chess\ChessWindow.cpp(409,39): warning C4244: 'argument': conversion from 'double' to 'float', possible loss of data
C:\Users\c3002856\source\repos\Chess\Chess\ChessWindow.cpp(409,30): warning C4244: 'argument': conversion from 'double' to 'float', possible loss of data
C:\Users\c3002856\source\repos\Chess\Chess\ChessWindow.cpp(410,39): warning C4244: 'argument': conversion from 'double' to 'float', possible loss of data
C:\Users\c3002856\source\repos\Chess\Chess\ChessWindow.cpp(410,30): warning C4244: 'argument': conversion from 'double' to 'float', possible loss of data
  Generating code
  89 of 693 functions (12.8%) were compiled, the rest were copied from previous compilation.
    0 functions were new in current compilation
    16 functions had inline decision re-evaluated but remain unchanged
  Finished generating code
  Chess.vcxproj -> C:\Users\c3002856\source\repos\Chess\x64\Release\Chess.exe
